#
# There is insufficient memory for the Java Runtime Environment to continue.
# Native memory allocation (malloc) failed to allocate 32744 bytes for ChunkPool::allocate
# Possible reasons:
#   The system is out of physical RAM or swap space
#   The process is running with CompressedOops enabled, and the Java Heap may be blocking the growth of the native heap
# Possible solutions:
#   Reduce memory load on the system
#   Increase physical memory or swap space
#   Check if swap backing store is full
#   Decrease Java heap size (-Xmx/-Xms)
#   Decrease number of Java threads
#   Decrease Java thread stack sizes (-Xss)
#   Set larger code cache with -XX:ReservedCodeCacheSize=
#   JVM is running with Unscaled Compressed Oops mode in which the Java heap is
#     placed in the first 4GB address space. The Java Heap base address is the
#     maximum limit for the native heap growth. Please use -XX:HeapBaseMinAddress
#     to set the Java Heap base and to place the Java Heap above 4GB virtual address.
# This output file may be truncated or incomplete.
#
#  Out of Memory Error (allocation.cpp:272), pid=32392, tid=0x0000000000001f98
#
# JRE version: Java(TM) SE Runtime Environment (8.0_211-b12) (build 1.8.0_211-b12)
# Java VM: Java HotSpot(TM) 64-Bit Server VM (25.211-b12 mixed mode windows-amd64 compressed oops)
# Failed to write core dump. Minidumps are not enabled by default on client versions of Windows
#

---------------  T H R E A D  ---------------

Current thread (0x0000000017e7c000):  JavaThread "C1 CompilerThread2" daemon [_thread_in_native, id=8088, stack(0x00000000196e0000,0x00000000197e0000)]

Stack: [0x00000000196e0000,0x00000000197e0000]
[error occurred during error reporting (printing stack bounds), id 0xc0000005]

Native frames: (J=compiled Java code, j=interpreted, Vv=VM code, C=native code)


Current CompileTask:
C1:  22155 5497       3       com.sun.tools.javac.code.Symbol::hiddenInInternal (202 bytes)


---------------  P R O C E S S  ---------------

Java Threads: ( => current thread )
  0x000000001a11a800 JavaThread "com.google.inject.internal.util.$Finalizer" daemon [_thread_blocked, id=27612, stack(0x000000001a5e0000,0x000000001a6e0000)]
  0x0000000019804000 JavaThread "Service Thread" daemon [_thread_blocked, id=29464, stack(0x0000000019be0000,0x0000000019ce0000)]
=>0x0000000017e7c000 JavaThread "C1 CompilerThread2" daemon [_thread_in_native, id=8088, stack(0x00000000196e0000,0x00000000197e0000)]
  0x0000000017e78800 JavaThread "C2 CompilerThread1" daemon [_thread_in_native, id=25364, stack(0x00000000195e0000,0x00000000196e0000)]
  0x0000000017e71800 JavaThread "C2 CompilerThread0" daemon [_thread_in_native, id=27944, stack(0x00000000194e0000,0x00000000195e0000)]
  0x0000000017e6f000 JavaThread "Attach Listener" daemon [_thread_blocked, id=24388, stack(0x00000000193e0000,0x00000000194e0000)]
  0x0000000017e6e000 JavaThread "Signal Dispatcher" daemon [_thread_blocked, id=26724, stack(0x00000000192e0000,0x00000000193e0000)]
  0x000000000333c800 JavaThread "Finalizer" daemon [_thread_blocked, id=26364, stack(0x00000000190e0000,0x00000000191e0000)]
  0x0000000017e5a000 JavaThread "Reference Handler" daemon [_thread_blocked, id=31624, stack(0x0000000018fe0000,0x00000000190e0000)]
  0x0000000003242800 JavaThread "main" [_thread_in_native, id=24168, stack(0x0000000003140000,0x0000000003240000)]

Other Threads:
  0x0000000017e37800 VMThread [stack: 0x0000000018ee0000,0x0000000018fe0000] [id=30124]
  0x000000001982d000 WatcherThread [stack: 0x0000000019ce0000,0x0000000019de0000] [id=29652]

VM state:not at safepoint (normal execution)

VM Mutex/Monitor currently owned by a thread: None

heap address: 0x0000000081c00000, size: 2020 MB, Compressed Oops mode: 32-bit
Narrow klass base: 0x0000000000000000, Narrow klass shift: 3
Compressed class space size: 1073741824 Address: 0x0000000100000000

Heap:
 PSYoungGen      total 144896K, used 13266K [0x00000000d5f00000, 0x00000000df900000, 0x0000000100000000)
  eden space 132608K, 10% used [0x00000000d5f00000,0x00000000d6bf48a0,0x00000000de080000)
  from space 12288K, 0% used [0x00000000ded00000,0x00000000ded00000,0x00000000df900000)
  to   space 12288K, 0% used [0x00000000de080000,0x00000000de080000,0x00000000dec80000)
 ParOldGen       total 149504K, used 77159K [0x0000000081c00000, 0x000000008ae00000, 0x00000000d5f00000)
  object space 149504K, 51% used [0x0000000081c00000,0x0000000086759fc0,0x000000008ae00000)
 Metaspace       used 21888K, capacity 22506K, committed 22656K, reserved 1069056K
  class space    used 2471K, capacity 2628K, committed 2688K, reserved 1048576K

Card table byte_map: [0x0000000012700000,0x0000000012b00000] byte_map_base: 0x00000000122f2000

Marking Bits: (ParMarkBitMap*) 0x000000005f1a5ce0
 Begin Bits: [0x00000000131b0000, 0x0000000015140000)
 End Bits:   [0x0000000015140000, 0x00000000170d0000)

Polling page: 0x0000000001380000

CodeCache: size=245760Kb used=17317Kb max_used=17988Kb free=228442Kb
 bounds [0x0000000003340000, 0x00000000044f0000, 0x0000000012340000]
 total_blobs=4974 nmethods=4580 adapters=304
 compilation: enabled

Compilation events (10 events):
Event: 22.042 Thread 0x0000000017e7c000 nmethod 5492 0x000000000364e190 code [0x000000000364e2e0, 0x000000000364e3d0]
Event: 22.045 Thread 0x0000000017e7c000 5493       3       com.sun.tools.javac.code.Scope::remove (203 bytes)
Event: 22.046 Thread 0x0000000017e7c000 nmethod 5493 0x00000000038b51d0 code [0x00000000038b5420, 0x00000000038b6338]
Event: 22.049 Thread 0x0000000017e7c000 5494       2       com.sun.tools.javac.tree.TreeScanner::visitApply (25 bytes)
Event: 22.049 Thread 0x0000000017e7c000 nmethod 5494 0x0000000003788210 code [0x0000000003788380, 0x0000000003788568]
Event: 22.050 Thread 0x0000000017e7c000 5495       1       com.sun.tools.javac.code.Type::constValue (2 bytes)
Event: 22.051 Thread 0x0000000017e7c000 nmethod 5495 0x0000000003707b10 code [0x0000000003707c60, 0x0000000003707d70]
Event: 22.054 Thread 0x0000000017e7c000 5496   !   3       com.sun.tools.javac.comp.TransTypes::translate (35 bytes)
Event: 22.054 Thread 0x0000000017e7c000 nmethod 5496 0x000000000383ed10 code [0x000000000383ee80, 0x000000000383f288]
Event: 22.056 Thread 0x0000000017e7c000 5497       3       com.sun.tools.javac.code.Symbol::hiddenInInternal (202 bytes)

GC Heap History (10 events):
Event: 15.481 GC heap before
{Heap before GC invocations=18 (full 5):
 PSYoungGen      total 144896K, used 144885K [0x00000000d5f00000, 0x00000000df900000, 0x0000000100000000)
  eden space 132608K, 100% used [0x00000000d5f00000,0x00000000de080000,0x00000000de080000)
  from space 12288K, 99% used [0x00000000ded00000,0x00000000df8fd608,0x00000000df900000)
  to   space 12288K, 0% used [0x00000000de080000,0x00000000de080000,0x00000000dec80000)
 ParOldGen       total 87552K, used 16699K [0x0000000081c00000, 0x0000000087180000, 0x00000000d5f00000)
  object space 87552K, 19% used [0x0000000081c00000,0x0000000082c4eeb0,0x0000000087180000)
 Metaspace       used 21044K, capacity 21660K, committed 21760K, reserved 1069056K
  class space    used 2385K, capacity 2560K, committed 2560K, reserved 1048576K
Event: 15.519 GC heap after
Heap after GC invocations=18 (full 5):
 PSYoungGen      total 144896K, used 12265K [0x00000000d5f00000, 0x00000000df900000, 0x0000000100000000)
  eden space 132608K, 0% used [0x00000000d5f00000,0x00000000d5f00000,0x00000000de080000)
  from space 12288K, 99% used [0x00000000de080000,0x00000000dec7a408,0x00000000dec80000)
  to   space 12288K, 0% used [0x00000000ded00000,0x00000000ded00000,0x00000000df900000)
 ParOldGen       total 87552K, used 39737K [0x0000000081c00000, 0x0000000087180000, 0x00000000d5f00000)
  object space 87552K, 45% used [0x0000000081c00000,0x00000000842ce778,0x0000000087180000)
 Metaspace       used 21044K, capacity 21660K, committed 21760K, reserved 1069056K
  class space    used 2385K, capacity 2560K, committed 2560K, reserved 1048576K
}
Event: 16.981 GC heap before
{Heap before GC invocations=19 (full 5):
 PSYoungGen      total 144896K, used 144873K [0x00000000d5f00000, 0x00000000df900000, 0x0000000100000000)
  eden space 132608K, 100% used [0x00000000d5f00000,0x00000000de080000,0x00000000de080000)
  from space 12288K, 99% used [0x00000000de080000,0x00000000dec7a408,0x00000000dec80000)
  to   space 12288K, 0% used [0x00000000ded00000,0x00000000ded00000,0x00000000df900000)
 ParOldGen       total 87552K, used 39737K [0x0000000081c00000, 0x0000000087180000, 0x00000000d5f00000)
  object space 87552K, 45% used [0x0000000081c00000,0x00000000842ce778,0x0000000087180000)
 Metaspace       used 21218K, capacity 21736K, committed 22144K, reserved 1069056K
  class space    used 2394K, capacity 2562K, committed 2688K, reserved 1048576K
Event: 16.999 GC heap after
Heap after GC invocations=19 (full 5):
 PSYoungGen      total 144896K, used 1568K [0x00000000d5f00000, 0x00000000df900000, 0x0000000100000000)
  eden space 132608K, 0% used [0x00000000d5f00000,0x00000000d5f00000,0x00000000de080000)
  from space 12288K, 12% used [0x00000000ded00000,0x00000000dee88040,0x00000000df900000)
  to   space 12288K, 0% used [0x00000000de080000,0x00000000de080000,0x00000000dec80000)
 ParOldGen       total 87552K, used 52046K [0x0000000081c00000, 0x0000000087180000, 0x00000000d5f00000)
  object space 87552K, 59% used [0x0000000081c00000,0x0000000084ed3928,0x0000000087180000)
 Metaspace       used 21218K, capacity 21736K, committed 22144K, reserved 1069056K
  class space    used 2394K, capacity 2562K, committed 2688K, reserved 1048576K
}
Event: 19.182 GC heap before
{Heap before GC invocations=20 (full 5):
 PSYoungGen      total 144896K, used 134176K [0x00000000d5f00000, 0x00000000df900000, 0x0000000100000000)
  eden space 132608K, 100% used [0x00000000d5f00000,0x00000000de080000,0x00000000de080000)
  from space 12288K, 12% used [0x00000000ded00000,0x00000000dee88040,0x00000000df900000)
  to   space 12288K, 0% used [0x00000000de080000,0x00000000de080000,0x00000000dec80000)
 ParOldGen       total 87552K, used 52046K [0x0000000081c00000, 0x0000000087180000, 0x00000000d5f00000)
  object space 87552K, 59% used [0x0000000081c00000,0x0000000084ed3928,0x0000000087180000)
 Metaspace       used 21300K, capacity 21866K, committed 22144K, reserved 1069056K
  class space    used 2396K, capacity 2564K, committed 2688K, reserved 1048576K
Event: 19.200 GC heap after
Heap after GC invocations=20 (full 5):
 PSYoungGen      total 144896K, used 12284K [0x00000000d5f00000, 0x00000000df900000, 0x0000000100000000)
  eden space 132608K, 0% used [0x00000000d5f00000,0x00000000d5f00000,0x00000000de080000)
  from space 12288K, 99% used [0x00000000de080000,0x00000000dec7f068,0x00000000dec80000)
  to   space 12288K, 0% used [0x00000000ded00000,0x00000000ded00000,0x00000000df900000)
 ParOldGen       total 87552K, used 57804K [0x0000000081c00000, 0x0000000087180000, 0x00000000d5f00000)
  object space 87552K, 66% used [0x0000000081c00000,0x00000000854733e8,0x0000000087180000)
 Metaspace       used 21300K, capacity 21866K, committed 22144K, reserved 1069056K
  class space    used 2396K, capacity 2564K, committed 2688K, reserved 1048576K
}
Event: 21.168 GC heap before
{Heap before GC invocations=21 (full 5):
 PSYoungGen      total 144896K, used 144892K [0x00000000d5f00000, 0x00000000df900000, 0x0000000100000000)
  eden space 132608K, 100% used [0x00000000d5f00000,0x00000000de080000,0x00000000de080000)
  from space 12288K, 99% used [0x00000000de080000,0x00000000dec7f068,0x00000000dec80000)
  to   space 12288K, 0% used [0x00000000ded00000,0x00000000ded00000,0x00000000df900000)
 ParOldGen       total 87552K, used 57804K [0x0000000081c00000, 0x0000000087180000, 0x00000000d5f00000)
  object space 87552K, 66% used [0x0000000081c00000,0x00000000854733e8,0x0000000087180000)
 Metaspace       used 21341K, capacity 21930K, committed 22144K, reserved 1069056K
  class space    used 2396K, capacity 2564K, committed 2688K, reserved 1048576K
Event: 21.205 GC heap after
Heap after GC invocations=21 (full 5):
 PSYoungGen      total 144896K, used 12259K [0x00000000d5f00000, 0x00000000df900000, 0x0000000100000000)
  eden space 132608K, 0% used [0x00000000d5f00000,0x00000000d5f00000,0x00000000de080000)
  from space 12288K, 99% used [0x00000000ded00000,0x00000000df8f8f20,0x00000000df900000)
  to   space 12288K, 0% used [0x00000000de080000,0x00000000de080000,0x00000000dec80000)
 ParOldGen       total 87552K, used 72357K [0x0000000081c00000, 0x0000000087180000, 0x00000000d5f00000)
  object space 87552K, 82% used [0x0000000081c00000,0x00000000862a94d0,0x0000000087180000)
 Metaspace       used 21341K, capacity 21930K, committed 22144K, reserved 1069056K
  class space    used 2396K, capacity 2564K, committed 2688K, reserved 1048576K
}
Event: 21.205 GC heap before
{Heap before GC invocations=22 (full 6):
 PSYoungGen      total 144896K, used 12259K [0x00000000d5f00000, 0x00000000df900000, 0x0000000100000000)
  eden space 132608K, 0% used [0x00000000d5f00000,0x00000000d5f00000,0x00000000de080000)
  from space 12288K, 99% used [0x00000000ded00000,0x00000000df8f8f20,0x00000000df900000)
  to   space 12288K, 0% used [0x00000000de080000,0x00000000de080000,0x00000000dec80000)
 ParOldGen       total 87552K, used 72357K [0x0000000081c00000, 0x0000000087180000, 0x00000000d5f00000)
  object space 87552K, 82% used [0x0000000081c00000,0x00000000862a94d0,0x0000000087180000)
 Metaspace       used 21341K, capacity 21930K, committed 22144K, reserved 1069056K
  class space    used 2396K, capacity 2564K, committed 2688K, reserved 1048576K
Event: 21.693 GC heap after
Heap after GC invocations=22 (full 6):
 PSYoungGen      total 144896K, used 0K [0x00000000d5f00000, 0x00000000df900000, 0x0000000100000000)
  eden space 132608K, 0% used [0x00000000d5f00000,0x00000000d5f00000,0x00000000de080000)
  from space 12288K, 0% used [0x00000000ded00000,0x00000000ded00000,0x00000000df900000)
  to   space 12288K, 0% used [0x00000000de080000,0x00000000de080000,0x00000000dec80000)
 ParOldGen       total 149504K, used 77159K [0x0000000081c00000, 0x000000008ae00000, 0x00000000d5f00000)
  object space 149504K, 51% used [0x0000000081c00000,0x0000000086759fc0,0x000000008ae00000)
 Metaspace       used 21341K, capacity 21930K, committed 22144K, reserved 1069056K
  class space    used 2396K, capacity 2564K, committed 2688K, reserved 1048576K
}

Deoptimization events (10 events):
Event: 21.968 Thread 0x0000000003242800 Uncommon trap: reason=class_check action=maybe_recompile pc=0x0000000003ef5b9c method=com.sun.tools.javac.code.Types$19.visitClassType(Lcom/sun/tools/javac/code/Type$ClassType;Ljava/lang/Void;)Lcom/sun/tools/javac/util/List; @ 46
Event: 21.969 Thread 0x0000000003242800 Uncommon trap: reason=class_check action=maybe_recompile pc=0x0000000003f0b83c method=com.sun.tools.javac.code.Types$18.visitClassType(Lcom/sun/tools/javac/code/Type$ClassType;Ljava/lang/Void;)Lcom/sun/tools/javac/code/Type; @ 19
Event: 21.969 Thread 0x0000000003242800 Uncommon trap: reason=class_check action=maybe_recompile pc=0x0000000003ef5b9c method=com.sun.tools.javac.code.Types$19.visitClassType(Lcom/sun/tools/javac/code/Type$ClassType;Ljava/lang/Void;)Lcom/sun/tools/javac/util/List; @ 46
Event: 21.986 Thread 0x0000000003242800 Uncommon trap: reason=unstable_if action=reinterpret pc=0x0000000003ecd554 method=com.sun.tools.javac.code.Types.capture(Lcom/sun/tools/javac/code/Type;)Lcom/sun/tools/javac/code/Type; @ 83
Event: 21.986 Thread 0x0000000003242800 Uncommon trap: reason=class_check action=maybe_recompile pc=0x0000000003ef7a98 method=com.sun.tools.javac.code.Types$18.visitClassType(Lcom/sun/tools/javac/code/Type$ClassType;Ljava/lang/Void;)Lcom/sun/tools/javac/code/Type; @ 19
Event: 21.986 Thread 0x0000000003242800 Uncommon trap: reason=unstable_if action=reinterpret pc=0x000000000440ee14 method=com.sun.tools.javac.code.Types$15.visitType(Lcom/sun/tools/javac/code/Type;Ljava/lang/Boolean;)Lcom/sun/tools/javac/code/Type; @ 14
Event: 21.986 Thread 0x0000000003242800 Uncommon trap: reason=class_check action=maybe_recompile pc=0x000000000407207c method=com.sun.tools.javac.code.Types$19.visitClassType(Lcom/sun/tools/javac/code/Type$ClassType;Ljava/lang/Void;)Lcom/sun/tools/javac/util/List; @ 46
Event: 21.987 Thread 0x0000000003242800 Uncommon trap: reason=unstable_if action=reinterpret pc=0x00000000043f95c8 method=com.sun.tools.javac.code.Types$15.visitType(Lcom/sun/tools/javac/code/Type;Ljava/lang/Boolean;)Lcom/sun/tools/javac/code/Type; @ 14
Event: 21.987 Thread 0x0000000003242800 Uncommon trap: reason=unstable_if action=reinterpret pc=0x00000000034c47f0 method=com.sun.tools.javac.code.Scope.enter(Lcom/sun/tools/javac/code/Symbol;Lcom/sun/tools/javac/code/Scope;Lcom/sun/tools/javac/code/Scope;Z)V @ 116
Event: 22.021 Thread 0x0000000003242800 Uncommon trap: reason=unstable_if action=reinterpret pc=0x0000000004467504 method=com.sun.tools.javac.code.Types.isSubtype(Lcom/sun/tools/javac/code/Type;Lcom/sun/tools/javac/code/Type;Z)Z @ 19

Classes redefined (0 events):
No events

Internal exceptions (10 events):
Event: 4.074 Thread 0x0000000003242800 Exception <a 'java/lang/NoClassDefFoundError': org/slf4j/Logger> (0x00000000d88a8f88) thrown at [C:\re\workspace\8-2-build-windows-amd64-cygwin\jdk8u211\12973\hotspot\src\share\vm\oops\constantPool.cpp, line 245]
Event: 5.728 Thread 0x0000000003242800 Exception <a 'java/lang/NoClassDefFoundError': org/slf4j/Logger> (0x00000000d6e3ae68) thrown at [C:\re\workspace\8-2-build-windows-amd64-cygwin\jdk8u211\12973\hotspot\src\share\vm\oops\constantPool.cpp, line 245]
Event: 7.200 Thread 0x0000000003242800 Exception <a 'java/lang/NoClassDefFoundError': org/slf4j/Logger> (0x00000000d87ba130) thrown at [C:\re\workspace\8-2-build-windows-amd64-cygwin\jdk8u211\12973\hotspot\src\share\vm\oops\constantPool.cpp, line 245]
Event: 7.971 Thread 0x0000000003242800 Exception <a 'java/lang/ClassNotFoundException': com/sun/tools/javac/api/JavacTool> (0x00000000d9310c20) thrown at [C:\re\workspace\8-2-build-windows-amd64-cygwin\jdk8u211\12973\hotspot\src\share\vm\classfile\systemDictionary.cpp, line 210]
Event: 10.763 Thread 0x0000000003242800 Exception <a 'java/io/FileNotFoundException'> (0x00000000d6394798) thrown at [C:\re\workspace\8-2-build-windows-amd64-cygwin\jdk8u211\12973\hotspot\src\share\vm\prims\jni.cpp, line 710]
Event: 10.766 Thread 0x0000000003242800 Exception <a 'java/io/FileNotFoundException'> (0x00000000d63c9930) thrown at [C:\re\workspace\8-2-build-windows-amd64-cygwin\jdk8u211\12973\hotspot\src\share\vm\prims\jni.cpp, line 710]
Event: 17.046 Thread 0x0000000003242800 Implicit null exception at 0x000000000394558f to 0x000000000394568d
Event: 19.429 Thread 0x0000000003242800 Implicit null exception at 0x000000000439370c to 0x000000000439374d
Event: 21.792 Thread 0x0000000003242800 Implicit null exception at 0x0000000004456694 to 0x0000000004457851
Event: 21.843 Thread 0x0000000003242800 Implicit null exception at 0x00000000044bb9d9 to 0x00000000044bba29

Events (10 events):
Event: 22.055 Thread 0x0000000017e7c000 flushing nmethod 0x0000000004151810
Event: 22.055 Thread 0x0000000017e7c000 flushing nmethod 0x0000000004153c50
Event: 22.055 Thread 0x0000000017e7c000 flushing nmethod 0x0000000004154a10
Event: 22.055 Thread 0x0000000017e7c000 flushing nmethod 0x0000000004220fd0
Event: 22.055 Thread 0x0000000017e7c000 flushing nmethod 0x0000000004222cd0
Event: 22.055 Thread 0x0000000017e7c000 flushing nmethod 0x0000000004223010
Event: 22.055 Thread 0x0000000017e7c000 flushing nmethod 0x00000000042236d0
Event: 22.055 Thread 0x0000000017e7c000 flushing nmethod 0x0000000004224f50
Event: 22.055 Thread 0x0000000017e7c000 flushing nmethod 0x0000000004227510
Event: 22.055 Thread 0x0000000017e7c000 flushing nmethod 0x000000000422c610


Dynamic libraries:
0x00007ff6b29f0000 - 0x00007ff6b2a27000 	C:\Program Files\Java\jdk1.8.0_211\bin\javaw.exe
0x00007ffacc100000 - 0x00007ffacc2ed000 	C:\Windows\SYSTEM32\ntdll.dll
0x00007ffacb410000 - 0x00007ffacb4c3000 	C:\Windows\System32\KERNEL32.DLL
0x00007ffac8200000 - 0x00007ffac8494000 	C:\Windows\System32\KERNELBASE.dll
0x00007ffacb540000 - 0x00007ffacb5e3000 	C:\Windows\System32\ADVAPI32.dll
0x00007ffacab50000 - 0x00007ffacabee000 	C:\Windows\System32\msvcrt.dll
0x00007ffacaab0000 - 0x00007ffacab4e000 	C:\Windows\System32\sechost.dll
0x00007ffacb240000 - 0x00007ffacb362000 	C:\Windows\System32\RPCRT4.dll
0x00007ffacb840000 - 0x00007ffacb9d7000 	C:\Windows\System32\USER32.dll
0x00007ffac8570000 - 0x00007ffac8590000 	C:\Windows\System32\win32u.dll
0x00007ffacb810000 - 0x00007ffacb839000 	C:\Windows\System32\GDI32.dll
0x00007ffac8cf0000 - 0x00007ffac8e8b000 	C:\Windows\System32\gdi32full.dll
0x00007ffac84d0000 - 0x00007ffac8570000 	C:\Windows\System32\msvcp_win.dll
0x00007ffac91a0000 - 0x00007ffac929a000 	C:\Windows\System32\ucrtbase.dll
0x00007ffab9230000 - 0x00007ffab94a9000 	C:\Windows\WinSxS\amd64_microsoft.windows.common-controls_6595b64144ccf1df_6.0.17763.1397_none_de7645305346d5dc\COMCTL32.dll
0x00007ffacad60000 - 0x00007ffacb08c000 	C:\Windows\System32\combase.dll
0x00007ffac92a0000 - 0x00007ffac931e000 	C:\Windows\System32\bcryptPrimitives.dll
0x00007ffacb370000 - 0x00007ffacb39e000 	C:\Windows\System32\IMM32.DLL
0x000000005fbc0000 - 0x000000005fc92000 	C:\Program Files\Java\jdk1.8.0_211\jre\bin\msvcr100.dll
0x000000005e980000 - 0x000000005f225000 	C:\Program Files\Java\jdk1.8.0_211\jre\bin\server\jvm.dll
0x00007ffacb400000 - 0x00007ffacb408000 	C:\Windows\System32\PSAPI.DLL
0x00007ffabec60000 - 0x00007ffabec6a000 	C:\Windows\SYSTEM32\VERSION.dll
0x00007ffac62b0000 - 0x00007ffac62d4000 	C:\Windows\SYSTEM32\WINMM.dll
0x00007ffab8fb0000 - 0x00007ffab8fb9000 	C:\Windows\SYSTEM32\WSOCK32.dll
0x00007ffacb670000 - 0x00007ffacb6dd000 	C:\Windows\System32\WS2_32.dll
0x00007ffac6280000 - 0x00007ffac62ad000 	C:\Windows\SYSTEM32\WINMMBASE.dll
0x00007ffac81b0000 - 0x00007ffac81fa000 	C:\Windows\System32\cfgmgr32.dll
0x00007ffab5d10000 - 0x00007ffab5d1f000 	C:\Program Files\Java\jdk1.8.0_211\jre\bin\verify.dll
0x00007ffa9fe40000 - 0x00007ffa9fe69000 	C:\Program Files\Java\jdk1.8.0_211\jre\bin\java.dll
0x00007ffa9fd30000 - 0x00007ffa9fd46000 	C:\Program Files\Java\jdk1.8.0_211\jre\bin\zip.dll
0x00007ffac9530000 - 0x00007ffacaa28000 	C:\Windows\System32\SHELL32.dll
0x00007ffacc020000 - 0x00007ffacc0c9000 	C:\Windows\System32\shcore.dll
0x00007ffac8590000 - 0x00007ffac8ce3000 	C:\Windows\System32\windows.storage.dll
0x00007ffac8100000 - 0x00007ffac8124000 	C:\Windows\System32\profapi.dll
0x00007ffac8150000 - 0x00007ffac81ad000 	C:\Windows\System32\powrprof.dll
0x00007ffacbfc0000 - 0x00007ffacc012000 	C:\Windows\System32\shlwapi.dll
0x00007ffac80e0000 - 0x00007ffac80f1000 	C:\Windows\System32\kernel.appcore.dll
0x00007ffac90d0000 - 0x00007ffac90e7000 	C:\Windows\System32\cryptsp.dll
0x00007ffaa61d0000 - 0x00007ffaa61ea000 	C:\Program Files\Java\jdk1.8.0_211\jre\bin\net.dll
0x00007ffab8c40000 - 0x00007ffab8e17000 	C:\Windows\SYSTEM32\urlmon.dll
0x00007ffab8990000 - 0x00007ffab8c38000 	C:\Windows\SYSTEM32\iertutil.dll
0x00007ffac7b10000 - 0x00007ffac7b1c000 	C:\Windows\SYSTEM32\CRYPTBASE.DLL
0x00007ffac7940000 - 0x00007ffac79a7000 	C:\Windows\system32\mswsock.dll
0x00007ffaa5130000 - 0x00007ffaa5142000 	C:\Program Files\Java\jdk1.8.0_211\jre\bin\nio.dll

VM Arguments:
jvm_args: -Dmaven.home=C:\opt\maven303 -Dclassworlds.conf=C:\Users\paridah\workspace\.metadata\.plugins\org.eclipse.m2e.launching\launches\m2conf1324554395407095163.tmp -Dm2e.workspace.state=C:\Users\paridah\workspace\.metadata\.plugins\org.eclipse.m2e.core\workspacestate.properties -Djansi.force=true -Djansi.passthrough=true -Dfile.encoding=Cp1252 
java_command: org.codehaus.plexus.classworlds.launcher.Launcher -B -o -Dmaven.test.skip=true -DskipTests -gs C:\opt\maven303\conf\settings.xml -s C:\opt\maven303\conf\settings.xml clean package -Dstyle.color=always
java_class_path (initial): C:\opt\maven303\boot\plexus-classworlds-2.4.jar
Launcher Type: SUN_STANDARD

Environment Variables:
JAVA_HOME=C:\Program Files\Java\jdk1.8.0_211
PATH=C:/Program Files/Java/jre1.8.0_211/bin/server;C:/Program Files/Java/jre1.8.0_211/bin;C:/Program Files/Java/jre1.8.0_211/lib/amd64;C:\Program Files (x86)\Common Files\Oracle\Java\javapath;C:\Windows\system32;C:\Windows;C:\Windows\System32\Wbem;C:\Windows\System32\WindowsPowerShell\v1.0\;C:\Windows\System32\OpenSSH\;C:\Program Files (x86)\Universal Extractor;C:\Program Files (x86)\Universal Extractor\bin;C:\Program Files (x86)\Microsoft SQL Server\150\DTS\Binn\;C:\Program Files\Java\jdk1.8.0_211\bin;C:\opt\apache-maven-3.6.1\bin;C:\apache-ant-1.9.9\bin;c:\Program Files (x86)\Microsoft SQL Server\100\Tools\Binn\;c:\Program Files\Microsoft SQL Server\100\Tools\Binn\;c:\Program Files\Microsoft SQL Server\100\DTS\Binn\;C:\Program Files\PuTTY\;C:\Program Files\Git\cmd;C:\Program Files\TortoiseSVN\bin;C:\Program Files\TortoiseGit\bin;C:\Program Files\nodejs\;C:\ProgramData\chocolatey\bin;C:\Program Files\cryptoki\eToken.dll;C:\Users\paridah\AppData\Local\Microsoft\WindowsApps;C:\Users\paridah\AppData\Local\GitHubDesktop\bin;C:\Users\paridah\AppData\Roaming\npm;C:\Users\paridah\AppData\Local\Programs\Microsoft VS Code\bin;C:\Windows\System32\eToken.dll;C:\Program Files\cryptoki\eToken.dll;;C:\sts-bundle\sts-3.9.9.RELEASE;
USERNAME=paridah
OS=Windows_NT
PROCESSOR_IDENTIFIER=Intel64 Family 6 Model 58 Stepping 9, GenuineIntel



---------------  S Y S T E M  ---------------

OS: Windows 10.0 , 64 bit Build 17763 (10.0.17763.1339)

CPU:total 4 (initial active 4) (2 cores per cpu, 2 threads per core) family 6 model 58 stepping 9, cmov, cx8, fxsr, mmx, sse, sse2, sse3, ssse3, sse4.1, sse4.2, popcnt, avx, aes, clmul, erms, ht, tsc, tscinvbit, tscinv

Memory: 4k page, physical 8271836k(702456k free), swap 33437660k(3096k free)

vm_info: Java HotSpot(TM) 64-Bit Server VM (25.211-b12) for windows-amd64 JRE (1.8.0_211-b12), built on Apr  1 2019 20:53:26 by "java_re" with MS VC++ 10.0 (VS2010)

time: Mon Jan 04 13:31:32 2021
timezone: Malay Peninsula Standard Time
elapsed time: 22 seconds (0d 0h 0m 22s)

